<?xml version="1.0" encoding="UTF-8"?>
<!-- Generated by org.testng.reporters.JUnitReportReporter -->
<testsuite hostname="DESKTOP-S0T7VIK" name="com.PomModify.LoginTest" tests="2" failures="0" timestamp="12 Apr 2021 11:34:19 GMT" time="10.645" errors="0">
  <testcase name="registerTest" time="0.960" classname="com.PomModify.LoginTest"/>
  <testcase name="loginTestCase" time="9.685" classname="com.PomModify.LoginTest"/>
</testsuite> <!-- com.PomModify.LoginTest -->
