<?xml version="1.0" encoding="UTF-8"?>
<!-- Generated by org.testng.reporters.JUnitReportReporter -->
<testsuite hostname="DESKTOP-S0T7VIK" name="com.PomModify.IndexPageTest" tests="4" failures="0" timestamp="13 Apr 2021 09:31:05 GMT" time="11.057" errors="0">
  <testcase name="registersignin" time="2.904" classname="com.PomModify.IndexPageTest"/>
  <testcase name="indextestcase" time="2.176" classname="com.PomModify.IndexPageTest"/>
  <testcase name="registersignin" time="3.044" classname="com.PomModify.IndexPageTest"/>
  <testcase name="registersignin" time="2.933" classname="com.PomModify.IndexPageTest"/>
</testsuite> <!-- com.PomModify.IndexPageTest -->
