<?xml version="1.0" encoding="UTF-8"?>
<!-- Generated by org.testng.reporters.JUnitReportReporter -->
<testsuite hostname="DESKTOP-S0T7VIK" name="com.PomModify.AdduserTest" tests="1" failures="0" timestamp="26 Apr 2021 05:39:31 GMT" time="9.034" errors="0">
  <testcase name="adduser" time="9.034" classname="com.PomModify.AdduserTest"/>
</testsuite> <!-- com.PomModify.AdduserTest -->
